\BOOKMARK [1][-]{section.1}{Pr\351liminaires}{}% 1
\BOOKMARK [2][-]{subsection.1.1}{Question 1}{section.1}% 2
\BOOKMARK [2][-]{subsection.1.2}{Question 2}{section.1}% 3
\BOOKMARK [2][-]{subsection.1.3}{Question 3}{section.1}% 4
\BOOKMARK [2][-]{subsection.1.4}{Quastion 4}{section.1}% 5
\BOOKMARK [2][-]{subsection.1.5}{Question 5}{section.1}% 6
\BOOKMARK [1][-]{section.2}{Polyn\364mes de Tchebychev}{}% 7
\BOOKMARK [2][-]{subsection.2.1}{Question 1}{section.2}% 8
\BOOKMARK [2][-]{subsection.2.2}{Question 2}{section.2}% 9
\BOOKMARK [2][-]{subsection.2.3}{Question 3}{section.2}% 10
\BOOKMARK [2][-]{subsection.2.4}{Question 4}{section.2}% 11
\BOOKMARK [1][-]{section.3}{M\351thode des rectangles pour l\220approximation de l\220int\351grale d\220une fonction p\351riodique sur un intervalle de p\351riode}{}% 12
\BOOKMARK [2][-]{subsection.3.1}{Question 1}{section.3}% 13
\BOOKMARK [2][-]{subsection.3.2}{Question 2}{section.3}% 14
\BOOKMARK [3][-]{subsubsection.3.2.1}{Partie a}{subsection.3.2}% 15
\BOOKMARK [3][-]{subsubsection.3.2.2}{Partie b}{subsection.3.2}% 16
\BOOKMARK [3][-]{subsubsection.3.2.3}{Partie c}{subsection.3.2}% 17
\BOOKMARK [2][-]{subsection.3.3}{Question 3}{section.3}% 18
\BOOKMARK [1][-]{section.4}{Syst\350me lin\351aire issu de la m\351thode des r\351sidus pond\351r\351s}{}% 19
\BOOKMARK [2][-]{subsection.4.1}{Question 1}{section.4}% 20
\BOOKMARK [2][-]{subsection.4.2}{Question 2}{section.4}% 21
\BOOKMARK [2][-]{subsection.4.3}{Question 3}{section.4}% 22
\BOOKMARK [2][-]{subsection.4.4}{Question 4}{section.4}% 23
\BOOKMARK [1][-]{section.5}{Transform\351e de Fourier rapide}{}% 24
\BOOKMARK [2][-]{subsection.5.1}{Question 2.a}{section.5}% 25
\BOOKMARK [1][-]{section.6}{M\351thode de Gauss}{}% 26
\BOOKMARK [2][-]{subsection.6.1}{Question 1}{section.6}% 27
\BOOKMARK [2][-]{subsection.6.2}{Question 2}{section.6}% 28
\BOOKMARK [1][-]{section.7}{Mise en \234uvre num\351rique}{}% 29
\BOOKMARK [1][-]{appendix.A}{Fonctions Matlab/Octave}{}% 30
